2019-07-11 19:50:44,215 INFO by.vironit.training.basumatarau.resourceServer.ResourceServerStarter [main] Starting MessengerServiceApplication on pavel-laptop with PID 28092 (/home/pavel/IdeaProjects/master/im-secure-resource-server/target/classes started by pavel in /home/pavel/IdeaProjects/master)
2019-07-11 19:50:44,229 INFO by.vironit.training.basumatarau.resourceServer.ResourceServerStarter [main] No active profile set, falling back to default profiles: default
2019-07-11 19:50:46,898 INFO org.apache.coyote.http11.Http11NioProtocol [main] Initializing ProtocolHandler ["http-nio-8080"]
2019-07-11 19:50:46,919 INFO org.apache.catalina.core.StandardService [main] Starting service [Tomcat]
2019-07-11 19:50:46,920 INFO org.apache.catalina.core.StandardEngine [main] Starting Servlet engine: [Apache Tomcat/9.0.19]
2019-07-11 19:50:47,088 INFO org.apache.catalina.core.ContainerBase.[Tomcat].[localhost].[/im-webapp] [main] Initializing Spring embedded WebApplicationContext
2019-07-11 19:50:47,350 INFO com.zaxxer.hikari.HikariDataSource [main] HikariPool-1 - Starting...
2019-07-11 19:50:47,713 INFO com.zaxxer.hikari.HikariDataSource [main] HikariPool-1 - Start completed.
2019-07-11 19:50:51,439 INFO org.apache.coyote.http11.Http11NioProtocol [main] Starting ProtocolHandler ["http-nio-8080"]
2019-07-11 19:50:51,468 INFO by.vironit.training.basumatarau.resourceServer.ResourceServerStarter [main] Started MessengerServiceApplication in 8.194 seconds (JVM running for 9.031)
2019-07-11 19:51:02,916 INFO com.zaxxer.hikari.HikariDataSource [Thread-4] HikariPool-1 - Shutdown initiated...
2019-07-11 19:51:02,963 INFO com.zaxxer.hikari.HikariDataSource [Thread-4] HikariPool-1 - Shutdown completed.
2019-07-11 19:54:14,205 INFO org.apache.coyote.http11.Http11NioProtocol [main] Initializing ProtocolHandler ["http-nio-8080"]
2019-07-11 19:54:14,239 INFO org.apache.catalina.core.StandardService [main] Starting service [Tomcat]
2019-07-11 19:54:14,239 INFO org.apache.catalina.core.StandardEngine [main] Starting Servlet engine: [Apache Tomcat/9.0.19]
2019-07-11 19:54:14,399 INFO org.apache.catalina.core.ContainerBase.[Tomcat].[localhost].[/im-webapp] [main] Initializing Spring embedded WebApplicationContext
2019-07-11 19:54:14,643 INFO com.zaxxer.hikari.HikariDataSource [main] HikariPool-1 - Starting...
2019-07-11 19:54:14,786 INFO com.zaxxer.hikari.HikariDataSource [main] HikariPool-1 - Start completed.
2019-07-11 19:54:18,737 INFO org.apache.coyote.http11.Http11NioProtocol [main] Starting ProtocolHandler ["http-nio-8080"]
2019-07-11 19:54:57,057 INFO com.zaxxer.hikari.HikariDataSource [Thread-4] HikariPool-1 - Shutdown initiated...
2019-07-11 19:54:57,106 INFO com.zaxxer.hikari.HikariDataSource [Thread-4] HikariPool-1 - Shutdown completed.
2019-07-11 19:58:57,237 INFO by.vironit.training.basumatarau.resourceServer.ResourceServerStarter [main] Starting ResourceServerStarter on pavel-laptop with PID 28991 (/home/pavel/IdeaProjects/master/im-secure-resource-server/target/classes started by pavel in /home/pavel/IdeaProjects/master)
2019-07-11 19:58:57,272 INFO by.vironit.training.basumatarau.resourceServer.ResourceServerStarter [main] No active profile set, falling back to default profiles: default
2019-07-11 19:59:01,452 INFO org.apache.coyote.http11.Http11NioProtocol [main] Initializing ProtocolHandler ["http-nio-8080"]
2019-07-11 19:59:01,503 INFO org.apache.catalina.core.StandardService [main] Starting service [Tomcat]
2019-07-11 19:59:01,504 INFO org.apache.catalina.core.StandardEngine [main] Starting Servlet engine: [Apache Tomcat/9.0.19]
2019-07-11 19:59:01,759 INFO org.apache.catalina.core.ContainerBase.[Tomcat].[localhost].[/im-webapp] [main] Initializing Spring embedded WebApplicationContext
2019-07-11 19:59:02,069 INFO com.zaxxer.hikari.HikariDataSource [main] HikariPool-1 - Starting...
2019-07-11 19:59:02,505 INFO com.zaxxer.hikari.HikariDataSource [main] HikariPool-1 - Start completed.
2019-07-11 19:59:04,603 INFO com.zaxxer.hikari.HikariDataSource [main] HikariPool-1 - Shutdown initiated...
2019-07-11 19:59:04,672 INFO com.zaxxer.hikari.HikariDataSource [main] HikariPool-1 - Shutdown completed.
2019-07-11 19:59:04,674 INFO org.apache.catalina.core.StandardService [main] Stopping service [Tomcat]
2019-07-11 19:59:41,504 INFO by.vironit.training.basumatarau.resourceServer.ResourceServerStarter [main] Starting ResourceServerStarter on pavel-laptop with PID 29156 (/home/pavel/IdeaProjects/master/im-secure-resource-server/target/classes started by pavel in /home/pavel/IdeaProjects/master)
2019-07-11 19:59:41,517 INFO by.vironit.training.basumatarau.resourceServer.ResourceServerStarter [main] No active profile set, falling back to default profiles: default
2019-07-11 19:59:44,457 INFO org.apache.coyote.http11.Http11NioProtocol [main] Initializing ProtocolHandler ["http-nio-8080"]
2019-07-11 19:59:44,476 INFO org.apache.catalina.core.StandardService [main] Starting service [Tomcat]
2019-07-11 19:59:44,477 INFO org.apache.catalina.core.StandardEngine [main] Starting Servlet engine: [Apache Tomcat/9.0.19]
2019-07-11 19:59:44,636 INFO org.apache.catalina.core.ContainerBase.[Tomcat].[localhost].[/im-webapp] [main] Initializing Spring embedded WebApplicationContext
2019-07-11 19:59:44,924 INFO com.zaxxer.hikari.HikariDataSource [main] HikariPool-1 - Starting...
2019-07-11 19:59:45,303 INFO com.zaxxer.hikari.HikariDataSource [main] HikariPool-1 - Start completed.
2019-07-11 19:59:46,630 INFO com.zaxxer.hikari.HikariDataSource [main] HikariPool-1 - Shutdown initiated...
2019-07-11 19:59:46,708 INFO com.zaxxer.hikari.HikariDataSource [main] HikariPool-1 - Shutdown completed.
2019-07-11 19:59:46,711 INFO org.apache.catalina.core.StandardService [main] Stopping service [Tomcat]
2019-07-11 20:08:52,500 INFO by.vironit.training.basumatarau.resourceServer.ResourceServerStarter [main] Starting ResourceServerStarter on pavel-laptop with PID 30283 (/home/pavel/IdeaProjects/master/im-secure-resource-server/target/classes started by pavel in /home/pavel/IdeaProjects/master)
2019-07-11 20:08:52,513 INFO by.vironit.training.basumatarau.resourceServer.ResourceServerStarter [main] No active profile set, falling back to default profiles: default
2019-07-11 20:08:55,398 INFO org.apache.coyote.http11.Http11NioProtocol [main] Initializing ProtocolHandler ["http-nio-8080"]
2019-07-11 20:08:55,420 INFO org.apache.catalina.core.StandardService [main] Starting service [Tomcat]
2019-07-11 20:08:55,420 INFO org.apache.catalina.core.StandardEngine [main] Starting Servlet engine: [Apache Tomcat/9.0.19]
2019-07-11 20:08:55,610 INFO org.apache.catalina.core.ContainerBase.[Tomcat].[localhost].[/im-webapp] [main] Initializing Spring embedded WebApplicationContext
2019-07-11 20:08:55,950 INFO com.zaxxer.hikari.HikariDataSource [main] HikariPool-1 - Starting...
2019-07-11 20:08:56,379 INFO com.zaxxer.hikari.HikariDataSource [main] HikariPool-1 - Start completed.
2019-07-11 20:09:00,541 INFO org.apache.coyote.http11.Http11NioProtocol [main] Starting ProtocolHandler ["http-nio-8080"]
2019-07-11 20:09:00,586 INFO by.vironit.training.basumatarau.resourceServer.ResourceServerStarter [main] Started ResourceServerStarter in 9.093 seconds (JVM running for 10.083)
2019-07-11 20:09:12,735 INFO com.zaxxer.hikari.HikariDataSource [Thread-3] HikariPool-1 - Shutdown initiated...
2019-07-11 20:09:12,789 INFO com.zaxxer.hikari.HikariDataSource [Thread-3] HikariPool-1 - Shutdown completed.
2019-07-12 11:23:02,066 INFO by.vironit.training.basumatarau.resourceServer.ResourceServerStarter [main] Starting ResourceServerStarter on pavel-laptop with PID 4704 (/home/pavel/IdeaProjects/master/im-secure-resource-server/target/classes started by pavel in /home/pavel/IdeaProjects/master)
2019-07-12 11:23:02,090 INFO by.vironit.training.basumatarau.resourceServer.ResourceServerStarter [main] No active profile set, falling back to default profiles: default
2019-07-12 11:23:11,828 INFO org.apache.coyote.http11.Http11NioProtocol [main] Initializing ProtocolHandler ["http-nio-8080"]
2019-07-12 11:23:11,908 INFO org.apache.catalina.core.StandardService [main] Starting service [Tomcat]
2019-07-12 11:23:11,909 INFO org.apache.catalina.core.StandardEngine [main] Starting Servlet engine: [Apache Tomcat/9.0.19]
2019-07-12 11:23:12,706 INFO org.apache.catalina.core.ContainerBase.[Tomcat].[localhost].[/im-webapp] [main] Initializing Spring embedded WebApplicationContext
2019-07-12 11:23:13,942 INFO com.zaxxer.hikari.HikariDataSource [main] HikariPool-1 - Starting...
2019-07-12 11:23:18,325 INFO com.zaxxer.hikari.HikariDataSource [main] HikariPool-1 - Start completed.
2019-07-12 11:23:31,907 INFO org.apache.coyote.http11.Http11NioProtocol [main] Starting ProtocolHandler ["http-nio-8080"]
2019-07-12 11:23:32,034 INFO by.vironit.training.basumatarau.resourceServer.ResourceServerStarter [main] Started ResourceServerStarter in 31.397 seconds (JVM running for 34.189)
2019-07-12 11:24:22,929 INFO org.apache.catalina.core.ContainerBase.[Tomcat].[localhost].[/im-webapp] [http-nio-8080-exec-1] Initializing Spring DispatcherServlet 'dispatcherServlet'
2019-07-12 11:25:53,908 ERROR org.apache.catalina.core.ContainerBase.[Tomcat].[localhost].[/im-webapp].[dispatcherServlet] [http-nio-8080-exec-6] Servlet.service() for servlet [dispatcherServlet] in context with path [/im-webapp] threw exception
org.springframework.security.web.firewall.RequestRejectedException: The request was rejected because the URL was not normalized.
	at org.springframework.security.web.firewall.StrictHttpFirewall.getFirewalledRequest(StrictHttpFirewall.java:296)
	at org.springframework.security.web.FilterChainProxy.doFilterInternal(FilterChainProxy.java:194)
	at org.springframework.security.web.FilterChainProxy.doFilter(FilterChainProxy.java:178)
	at org.springframework.web.filter.DelegatingFilterProxy.invokeDelegate(DelegatingFilterProxy.java:357)
	at org.springframework.web.filter.DelegatingFilterProxy.doFilter(DelegatingFilterProxy.java:270)
	at org.apache.catalina.core.ApplicationFilterChain.internalDoFilter(ApplicationFilterChain.java:193)
	at org.apache.catalina.core.ApplicationFilterChain.doFilter(ApplicationFilterChain.java:166)
	at org.springframework.web.filter.RequestContextFilter.doFilterInternal(RequestContextFilter.java:99)
	at org.springframework.web.filter.OncePerRequestFilter.doFilter(OncePerRequestFilter.java:107)
	at org.apache.catalina.core.ApplicationFilterChain.internalDoFilter(ApplicationFilterChain.java:193)
	at org.apache.catalina.core.ApplicationFilterChain.doFilter(ApplicationFilterChain.java:166)
	at org.springframework.web.filter.FormContentFilter.doFilterInternal(FormContentFilter.java:92)
	at org.springframework.web.filter.OncePerRequestFilter.doFilter(OncePerRequestFilter.java:107)
	at org.apache.catalina.core.ApplicationFilterChain.internalDoFilter(ApplicationFilterChain.java:193)
	at org.apache.catalina.core.ApplicationFilterChain.doFilter(ApplicationFilterChain.java:166)
	at org.springframework.web.filter.HiddenHttpMethodFilter.doFilterInternal(HiddenHttpMethodFilter.java:93)
	at org.springframework.web.filter.OncePerRequestFilter.doFilter(OncePerRequestFilter.java:107)
	at org.apache.catalina.core.ApplicationFilterChain.internalDoFilter(ApplicationFilterChain.java:193)
	at org.apache.catalina.core.ApplicationFilterChain.doFilter(ApplicationFilterChain.java:166)
	at org.springframework.web.filter.CharacterEncodingFilter.doFilterInternal(CharacterEncodingFilter.java:200)
	at org.springframework.web.filter.OncePerRequestFilter.doFilter(OncePerRequestFilter.java:107)
	at org.apache.catalina.core.ApplicationFilterChain.internalDoFilter(ApplicationFilterChain.java:193)
	at org.apache.catalina.core.ApplicationFilterChain.doFilter(ApplicationFilterChain.java:166)
	at org.apache.catalina.core.StandardWrapperValve.invoke(StandardWrapperValve.java:200)
	at org.apache.catalina.core.StandardContextValve.invoke(StandardContextValve.java:96)
	at org.apache.catalina.authenticator.AuthenticatorBase.invoke(AuthenticatorBase.java:490)
	at org.apache.catalina.core.StandardHostValve.invoke(StandardHostValve.java:139)
	at org.apache.catalina.valves.ErrorReportValve.invoke(ErrorReportValve.java:92)
	at org.apache.catalina.core.StandardEngineValve.invoke(StandardEngineValve.java:74)
	at org.apache.catalina.connector.CoyoteAdapter.service(CoyoteAdapter.java:343)
	at org.apache.coyote.http11.Http11Processor.service(Http11Processor.java:408)
	at org.apache.coyote.AbstractProcessorLight.process(AbstractProcessorLight.java:66)
	at org.apache.coyote.AbstractProtocol$ConnectionHandler.process(AbstractProtocol.java:836)
	at org.apache.tomcat.util.net.NioEndpoint$SocketProcessor.doRun(NioEndpoint.java:1747)
	at org.apache.tomcat.util.net.SocketProcessorBase.run(SocketProcessorBase.java:49)
	at java.base/java.util.concurrent.ThreadPoolExecutor.runWorker(ThreadPoolExecutor.java:1128)
	at java.base/java.util.concurrent.ThreadPoolExecutor$Worker.run(ThreadPoolExecutor.java:628)
	at org.apache.tomcat.util.threads.TaskThread$WrappingRunnable.run(TaskThread.java:61)
	at java.base/java.lang.Thread.run(Thread.java:835)
2019-07-12 11:26:02,429 INFO com.zaxxer.hikari.HikariDataSource [Thread-3] HikariPool-1 - Shutdown initiated...
2019-07-12 11:26:02,492 INFO com.zaxxer.hikari.HikariDataSource [Thread-3] HikariPool-1 - Shutdown completed.
2019-07-12 12:55:59,392 INFO by.vironit.training.basumatarau.resourceServer.ResourceServerStarter [main] Starting ResourceServerStarter on pavel-laptop with PID 8841 (/home/pavel/IdeaProjects/master/im-secure-resource-server/target/classes started by pavel in /home/pavel/IdeaProjects/master)
2019-07-12 12:55:59,398 INFO by.vironit.training.basumatarau.resourceServer.ResourceServerStarter [main] No active profile set, falling back to default profiles: default
2019-07-12 12:56:01,591 INFO org.apache.coyote.http11.Http11NioProtocol [main] Initializing ProtocolHandler ["http-nio-8080"]
2019-07-12 12:56:01,604 INFO org.apache.catalina.core.StandardService [main] Starting service [Tomcat]
2019-07-12 12:56:01,604 INFO org.apache.catalina.core.StandardEngine [main] Starting Servlet engine: [Apache Tomcat/9.0.19]
2019-07-12 12:56:01,745 INFO org.apache.catalina.core.ContainerBase.[Tomcat].[localhost].[/im-webapp] [main] Initializing Spring embedded WebApplicationContext
2019-07-12 12:56:01,963 INFO com.zaxxer.hikari.HikariDataSource [main] HikariPool-1 - Starting...
2019-07-12 12:56:02,275 INFO com.zaxxer.hikari.HikariDataSource [main] HikariPool-1 - Start completed.
2019-07-12 12:56:06,505 INFO org.apache.coyote.http11.Http11NioProtocol [main] Starting ProtocolHandler ["http-nio-8080"]
2019-07-12 12:56:06,637 INFO by.vironit.training.basumatarau.resourceServer.ResourceServerStarter [main] Started ResourceServerStarter in 8.471 seconds (JVM running for 9.326)
2019-07-12 12:56:24,336 INFO org.apache.catalina.core.ContainerBase.[Tomcat].[localhost].[/im-webapp] [http-nio-8080-exec-1] Initializing Spring DispatcherServlet 'dispatcherServlet'
2019-07-12 12:58:19,225 INFO com.zaxxer.hikari.HikariDataSource [Thread-3] HikariPool-1 - Shutdown initiated...
2019-07-12 12:58:19,300 INFO com.zaxxer.hikari.HikariDataSource [Thread-3] HikariPool-1 - Shutdown completed.
2019-07-12 12:58:26,659 INFO by.vironit.training.basumatarau.resourceServer.ResourceServerStarter [main] Starting ResourceServerStarter on pavel-laptop with PID 9084 (/home/pavel/IdeaProjects/master/im-secure-resource-server/target/classes started by pavel in /home/pavel/IdeaProjects/master)
2019-07-12 12:58:26,664 INFO by.vironit.training.basumatarau.resourceServer.ResourceServerStarter [main] No active profile set, falling back to default profiles: default
2019-07-12 12:58:29,182 INFO org.apache.coyote.http11.Http11NioProtocol [main] Initializing ProtocolHandler ["http-nio-8080"]
2019-07-12 12:58:29,207 INFO org.apache.catalina.core.StandardService [main] Starting service [Tomcat]
2019-07-12 12:58:29,208 INFO org.apache.catalina.core.StandardEngine [main] Starting Servlet engine: [Apache Tomcat/9.0.19]
2019-07-12 12:58:29,377 INFO org.apache.catalina.core.ContainerBase.[Tomcat].[localhost].[/im-webapp] [main] Initializing Spring embedded WebApplicationContext
2019-07-12 12:58:29,731 INFO com.zaxxer.hikari.HikariDataSource [main] HikariPool-1 - Starting...
2019-07-12 12:58:30,284 INFO com.zaxxer.hikari.HikariDataSource [main] HikariPool-1 - Start completed.
2019-07-12 12:58:34,124 INFO org.apache.coyote.http11.Http11NioProtocol [main] Starting ProtocolHandler ["http-nio-8080"]
2019-07-12 12:58:34,156 INFO by.vironit.training.basumatarau.resourceServer.ResourceServerStarter [main] Started ResourceServerStarter in 8.157 seconds (JVM running for 10.587)
2019-07-12 12:59:09,074 INFO org.apache.catalina.core.ContainerBase.[Tomcat].[localhost].[/im-webapp] [http-nio-8080-exec-1] Initializing Spring DispatcherServlet 'dispatcherServlet'
2019-07-12 12:59:21,026 INFO com.zaxxer.hikari.HikariDataSource [Thread-3] HikariPool-1 - Shutdown initiated...
2019-07-12 12:59:21,104 INFO com.zaxxer.hikari.HikariDataSource [Thread-3] HikariPool-1 - Shutdown completed.
2019-07-12 13:07:47,709 INFO by.vironit.training.basumatarau.resourceServer.ResourceServerStarter [main] Starting ResourceServerStarter on pavel-laptop with PID 9488 (/home/pavel/IdeaProjects/master/im-secure-resource-server/target/classes started by pavel in /home/pavel/IdeaProjects/master)
2019-07-12 13:07:47,739 INFO by.vironit.training.basumatarau.resourceServer.ResourceServerStarter [main] No active profile set, falling back to default profiles: default
2019-07-12 13:07:50,665 INFO org.apache.coyote.http11.Http11NioProtocol [main] Initializing ProtocolHandler ["http-nio-8080"]
2019-07-12 13:07:50,690 INFO org.apache.catalina.core.StandardService [main] Starting service [Tomcat]
2019-07-12 13:07:50,692 INFO org.apache.catalina.core.StandardEngine [main] Starting Servlet engine: [Apache Tomcat/9.0.19]
2019-07-12 13:07:50,863 INFO org.apache.catalina.core.ContainerBase.[Tomcat].[localhost].[/im-webapp] [main] Initializing Spring embedded WebApplicationContext
2019-07-12 13:07:51,158 INFO com.zaxxer.hikari.HikariDataSource [main] HikariPool-1 - Starting...
2019-07-12 13:07:51,560 INFO com.zaxxer.hikari.HikariDataSource [main] HikariPool-1 - Start completed.
2019-07-12 13:07:55,406 INFO org.apache.coyote.http11.Http11NioProtocol [main] Starting ProtocolHandler ["http-nio-8080"]
2019-07-12 13:07:55,452 INFO by.vironit.training.basumatarau.resourceServer.ResourceServerStarter [main] Started ResourceServerStarter in 9.113 seconds (JVM running for 10.004)
2019-07-12 13:08:02,482 INFO com.zaxxer.hikari.HikariDataSource [Thread-3] HikariPool-1 - Shutdown initiated...
2019-07-12 13:08:02,543 INFO com.zaxxer.hikari.HikariDataSource [Thread-3] HikariPool-1 - Shutdown completed.
2019-07-12 14:30:29,620 INFO by.vironit.training.basumatarau.resourceServer.ResourceServerStarter [main] Starting ResourceServerStarter on pavel-laptop with PID 11137 (/home/pavel/IdeaProjects/master/im-secure-resource-server/target/classes started by pavel in /home/pavel/IdeaProjects/master)
2019-07-12 14:30:29,627 INFO by.vironit.training.basumatarau.resourceServer.ResourceServerStarter [main] No active profile set, falling back to default profiles: default
2019-07-12 14:30:32,269 INFO org.apache.coyote.http11.Http11NioProtocol [main] Initializing ProtocolHandler ["http-nio-8080"]
2019-07-12 14:30:32,294 INFO org.apache.catalina.core.StandardService [main] Starting service [Tomcat]
2019-07-12 14:30:32,295 INFO org.apache.catalina.core.StandardEngine [main] Starting Servlet engine: [Apache Tomcat/9.0.19]
2019-07-12 14:30:32,420 INFO org.apache.catalina.core.ContainerBase.[Tomcat].[localhost].[/im-webapp] [main] Initializing Spring embedded WebApplicationContext
2019-07-12 14:30:32,638 INFO com.zaxxer.hikari.HikariDataSource [main] HikariPool-1 - Starting...
2019-07-12 14:30:32,916 INFO com.zaxxer.hikari.HikariDataSource [main] HikariPool-1 - Start completed.
2019-07-12 14:30:35,990 INFO org.apache.coyote.http11.Http11NioProtocol [main] Starting ProtocolHandler ["http-nio-8080"]
2019-07-12 14:30:36,016 INFO by.vironit.training.basumatarau.resourceServer.ResourceServerStarter [main] Started ResourceServerStarter in 7.505 seconds (JVM running for 8.358)
2019-07-12 14:30:53,894 INFO org.apache.catalina.core.ContainerBase.[Tomcat].[localhost].[/im-webapp] [http-nio-8080-exec-2] Initializing Spring DispatcherServlet 'dispatcherServlet'
2019-07-12 14:42:57,834 INFO com.zaxxer.hikari.HikariDataSource [Thread-3] HikariPool-1 - Shutdown initiated...
2019-07-12 14:42:57,876 INFO com.zaxxer.hikari.HikariDataSource [Thread-3] HikariPool-1 - Shutdown completed.
2019-07-12 14:46:23,987 INFO by.vironit.training.basumatarau.resourceServer.ResourceServerStarter [main] Starting ResourceServerStarter on pavel-laptop with PID 11918 (/home/pavel/IdeaProjects/master/im-secure-resource-server/target/classes started by pavel in /home/pavel/IdeaProjects/master)
2019-07-12 14:46:24,014 INFO by.vironit.training.basumatarau.resourceServer.ResourceServerStarter [main] No active profile set, falling back to default profiles: default
2019-07-12 14:46:26,970 INFO org.apache.coyote.http11.Http11NioProtocol [main] Initializing ProtocolHandler ["http-nio-8080"]
2019-07-12 14:46:26,993 INFO org.apache.catalina.core.StandardService [main] Starting service [Tomcat]
2019-07-12 14:46:26,993 INFO org.apache.catalina.core.StandardEngine [main] Starting Servlet engine: [Apache Tomcat/9.0.19]
2019-07-12 14:46:27,163 INFO org.apache.catalina.core.ContainerBase.[Tomcat].[localhost].[/im-webapp] [main] Initializing Spring embedded WebApplicationContext
2019-07-12 14:46:27,439 INFO com.zaxxer.hikari.HikariDataSource [main] HikariPool-1 - Starting...
2019-07-12 14:46:27,814 INFO com.zaxxer.hikari.HikariDataSource [main] HikariPool-1 - Start completed.
2019-07-12 14:46:31,734 INFO org.apache.coyote.http11.Http11NioProtocol [main] Starting ProtocolHandler ["http-nio-8080"]
2019-07-12 14:46:31,775 INFO by.vironit.training.basumatarau.resourceServer.ResourceServerStarter [main] Started ResourceServerStarter in 8.827 seconds (JVM running for 9.637)
2019-07-12 14:46:38,297 INFO com.zaxxer.hikari.HikariDataSource [Thread-3] HikariPool-1 - Shutdown initiated...
2019-07-12 14:46:38,343 INFO com.zaxxer.hikari.HikariDataSource [Thread-3] HikariPool-1 - Shutdown completed.
2019-07-12 14:47:53,314 INFO by.vironit.training.basumatarau.resourceServer.ResourceServerStarter [main] Starting ResourceServerStarter on pavel-laptop with PID 12103 (/home/pavel/IdeaProjects/master/im-secure-resource-server/target/classes started by pavel in /home/pavel/IdeaProjects/master)
2019-07-12 14:47:53,338 INFO by.vironit.training.basumatarau.resourceServer.ResourceServerStarter [main] No active profile set, falling back to default profiles: default
2019-07-12 14:47:56,418 INFO org.apache.coyote.http11.Http11NioProtocol [main] Initializing ProtocolHandler ["http-nio-8080"]
2019-07-12 14:47:56,445 INFO org.apache.catalina.core.StandardService [main] Starting service [Tomcat]
2019-07-12 14:47:56,446 INFO org.apache.catalina.core.StandardEngine [main] Starting Servlet engine: [Apache Tomcat/9.0.19]
2019-07-12 14:47:56,638 INFO org.apache.catalina.core.ContainerBase.[Tomcat].[localhost].[/im-webapp] [main] Initializing Spring embedded WebApplicationContext
2019-07-12 14:47:56,974 INFO com.zaxxer.hikari.HikariDataSource [main] HikariPool-1 - Starting...
2019-07-12 14:47:57,351 INFO com.zaxxer.hikari.HikariDataSource [main] HikariPool-1 - Start completed.
2019-07-12 14:48:01,361 INFO org.apache.coyote.http11.Http11NioProtocol [main] Starting ProtocolHandler ["http-nio-8080"]
2019-07-12 14:48:01,402 INFO by.vironit.training.basumatarau.resourceServer.ResourceServerStarter [main] Started ResourceServerStarter in 9.409 seconds (JVM running for 10.283)
2019-07-12 14:48:23,254 INFO org.apache.catalina.core.ContainerBase.[Tomcat].[localhost].[/im-webapp] [http-nio-8080-exec-2] Initializing Spring DispatcherServlet 'dispatcherServlet'
2019-07-12 14:48:48,664 INFO com.zaxxer.hikari.HikariDataSource [Thread-3] HikariPool-1 - Shutdown initiated...
2019-07-12 14:48:48,732 INFO com.zaxxer.hikari.HikariDataSource [Thread-3] HikariPool-1 - Shutdown completed.
2019-07-12 14:49:24,137 INFO by.vironit.training.basumatarau.resourceServer.ResourceServerStarter [main] Starting ResourceServerStarter on pavel-laptop with PID 12292 (/home/pavel/IdeaProjects/master/im-secure-resource-server/target/classes started by pavel in /home/pavel/IdeaProjects/master)
2019-07-12 14:49:24,142 INFO by.vironit.training.basumatarau.resourceServer.ResourceServerStarter [main] No active profile set, falling back to default profiles: default
2019-07-12 14:49:26,890 INFO org.apache.coyote.http11.Http11NioProtocol [main] Initializing ProtocolHandler ["http-nio-8080"]
2019-07-12 14:49:26,919 INFO org.apache.catalina.core.StandardService [main] Starting service [Tomcat]
2019-07-12 14:49:26,920 INFO org.apache.catalina.core.StandardEngine [main] Starting Servlet engine: [Apache Tomcat/9.0.19]
2019-07-12 14:49:27,096 INFO org.apache.catalina.core.ContainerBase.[Tomcat].[localhost].[/im-webapp] [main] Initializing Spring embedded WebApplicationContext
2019-07-12 14:49:27,368 INFO com.zaxxer.hikari.HikariDataSource [main] HikariPool-1 - Starting...
2019-07-12 14:49:27,721 INFO com.zaxxer.hikari.HikariDataSource [main] HikariPool-1 - Start completed.
2019-07-12 14:49:31,553 INFO org.apache.coyote.http11.Http11NioProtocol [main] Starting ProtocolHandler ["http-nio-8080"]
2019-07-12 14:49:31,594 INFO by.vironit.training.basumatarau.resourceServer.ResourceServerStarter [main] Started ResourceServerStarter in 8.474 seconds (JVM running for 9.421)
2019-07-12 14:49:41,412 INFO org.apache.catalina.core.ContainerBase.[Tomcat].[localhost].[/im-webapp] [http-nio-8080-exec-2] Initializing Spring DispatcherServlet 'dispatcherServlet'
2019-07-12 14:51:13,910 INFO com.zaxxer.hikari.HikariDataSource [Thread-3] HikariPool-1 - Shutdown initiated...
2019-07-12 14:51:13,958 INFO com.zaxxer.hikari.HikariDataSource [Thread-3] HikariPool-1 - Shutdown completed.
2019-07-12 14:52:24,522 INFO by.vironit.training.basumatarau.resourceServer.ResourceServerStarter [main] Starting ResourceServerStarter on pavel-laptop with PID 12699 (/home/pavel/IdeaProjects/master/im-secure-resource-server/target/classes started by pavel in /home/pavel/IdeaProjects/master)
2019-07-12 14:52:24,543 INFO by.vironit.training.basumatarau.resourceServer.ResourceServerStarter [main] No active profile set, falling back to default profiles: default
2019-07-12 14:52:27,498 INFO org.apache.coyote.http11.Http11NioProtocol [main] Initializing ProtocolHandler ["http-nio-8080"]
2019-07-12 14:52:27,518 INFO org.apache.catalina.core.StandardService [main] Starting service [Tomcat]
2019-07-12 14:52:27,519 INFO org.apache.catalina.core.StandardEngine [main] Starting Servlet engine: [Apache Tomcat/9.0.19]
2019-07-12 14:52:27,709 INFO org.apache.catalina.core.ContainerBase.[Tomcat].[localhost].[/im-webapp] [main] Initializing Spring embedded WebApplicationContext
2019-07-12 14:52:28,023 INFO com.zaxxer.hikari.HikariDataSource [main] HikariPool-1 - Starting...
2019-07-12 14:52:28,382 INFO com.zaxxer.hikari.HikariDataSource [main] HikariPool-1 - Start completed.
2019-07-12 14:52:32,798 INFO org.apache.coyote.http11.Http11NioProtocol [main] Starting ProtocolHandler ["http-nio-8080"]
2019-07-12 14:52:32,838 INFO by.vironit.training.basumatarau.resourceServer.ResourceServerStarter [main] Started ResourceServerStarter in 9.426 seconds (JVM running for 10.392)
2019-07-12 14:52:44,114 INFO org.apache.catalina.core.ContainerBase.[Tomcat].[localhost].[/im-webapp] [http-nio-8080-exec-2] Initializing Spring DispatcherServlet 'dispatcherServlet'
2019-07-12 14:52:51,490 INFO com.zaxxer.hikari.HikariDataSource [Thread-3] HikariPool-1 - Shutdown initiated...
2019-07-12 14:52:51,556 INFO com.zaxxer.hikari.HikariDataSource [Thread-3] HikariPool-1 - Shutdown completed.
2019-07-12 14:53:10,355 INFO by.vironit.training.basumatarau.resourceServer.ResourceServerStarter [main] Starting ResourceServerStarter on pavel-laptop with PID 12842 (/home/pavel/IdeaProjects/master/im-secure-resource-server/target/classes started by pavel in /home/pavel/IdeaProjects/master)
2019-07-12 14:53:10,362 INFO by.vironit.training.basumatarau.resourceServer.ResourceServerStarter [main] No active profile set, falling back to default profiles: default
2019-07-12 14:53:13,289 INFO org.apache.coyote.http11.Http11NioProtocol [main] Initializing ProtocolHandler ["http-nio-8080"]
2019-07-12 14:53:13,310 INFO org.apache.catalina.core.StandardService [main] Starting service [Tomcat]
2019-07-12 14:53:13,311 INFO org.apache.catalina.core.StandardEngine [main] Starting Servlet engine: [Apache Tomcat/9.0.19]
2019-07-12 14:53:13,459 INFO org.apache.catalina.core.ContainerBase.[Tomcat].[localhost].[/im-webapp] [main] Initializing Spring embedded WebApplicationContext
2019-07-12 14:53:13,759 INFO com.zaxxer.hikari.HikariDataSource [main] HikariPool-1 - Starting...
2019-07-12 14:53:14,182 INFO com.zaxxer.hikari.HikariDataSource [main] HikariPool-1 - Start completed.
2019-07-12 14:53:18,627 INFO org.apache.coyote.http11.Http11NioProtocol [main] Starting ProtocolHandler ["http-nio-8080"]
2019-07-12 14:53:18,665 INFO by.vironit.training.basumatarau.resourceServer.ResourceServerStarter [main] Started ResourceServerStarter in 9.36 seconds (JVM running for 10.202)
2019-07-12 14:53:24,765 INFO org.apache.catalina.core.ContainerBase.[Tomcat].[localhost].[/im-webapp] [http-nio-8080-exec-2] Initializing Spring DispatcherServlet 'dispatcherServlet'
2019-07-12 15:34:56,676 INFO com.zaxxer.hikari.HikariDataSource [Thread-3] HikariPool-1 - Shutdown initiated...
2019-07-12 15:34:56,724 INFO com.zaxxer.hikari.HikariDataSource [Thread-3] HikariPool-1 - Shutdown completed.
2019-07-12 15:35:02,734 INFO by.vironit.training.basumatarau.resourceServer.ResourceServerStarter [main] Starting ResourceServerStarter on pavel-laptop with PID 14073 (/home/pavel/IdeaProjects/master/im-secure-resource-server/target/classes started by pavel in /home/pavel/IdeaProjects/master)
2019-07-12 15:35:02,753 INFO by.vironit.training.basumatarau.resourceServer.ResourceServerStarter [main] No active profile set, falling back to default profiles: default
2019-07-12 15:35:05,809 INFO org.apache.coyote.http11.Http11NioProtocol [main] Initializing ProtocolHandler ["http-nio-8080"]
2019-07-12 15:35:05,859 INFO org.apache.catalina.core.StandardService [main] Starting service [Tomcat]
2019-07-12 15:35:05,864 INFO org.apache.catalina.core.StandardEngine [main] Starting Servlet engine: [Apache Tomcat/9.0.19]
2019-07-12 15:35:06,121 INFO org.apache.catalina.core.ContainerBase.[Tomcat].[localhost].[/im-webapp] [main] Initializing Spring embedded WebApplicationContext
2019-07-12 15:35:06,395 INFO com.zaxxer.hikari.HikariDataSource [main] HikariPool-1 - Starting...
2019-07-12 15:35:06,762 INFO com.zaxxer.hikari.HikariDataSource [main] HikariPool-1 - Start completed.
2019-07-12 15:35:10,935 INFO org.apache.coyote.http11.Http11NioProtocol [main] Starting ProtocolHandler ["http-nio-8080"]
2019-07-12 15:35:10,973 INFO by.vironit.training.basumatarau.resourceServer.ResourceServerStarter [main] Started ResourceServerStarter in 9.281 seconds (JVM running for 10.129)
2019-07-12 15:35:27,463 INFO org.apache.catalina.core.ContainerBase.[Tomcat].[localhost].[/im-webapp] [http-nio-8080-exec-2] Initializing Spring DispatcherServlet 'dispatcherServlet'
2019-07-12 15:39:06,034 INFO com.zaxxer.hikari.HikariDataSource [Thread-3] HikariPool-1 - Shutdown initiated...
2019-07-12 15:39:06,095 INFO com.zaxxer.hikari.HikariDataSource [Thread-3] HikariPool-1 - Shutdown completed.
2019-07-12 15:39:54,674 INFO by.vironit.training.basumatarau.resourceServer.ResourceServerStarter [main] Starting ResourceServerStarter on pavel-laptop with PID 14335 (/home/pavel/IdeaProjects/master/im-secure-resource-server/target/classes started by pavel in /home/pavel/IdeaProjects/master)
2019-07-12 15:39:54,680 INFO by.vironit.training.basumatarau.resourceServer.ResourceServerStarter [main] No active profile set, falling back to default profiles: default
2019-07-12 15:39:57,794 INFO org.apache.coyote.http11.Http11NioProtocol [main] Initializing ProtocolHandler ["http-nio-8080"]
2019-07-12 15:39:57,819 INFO org.apache.catalina.core.StandardService [main] Starting service [Tomcat]
2019-07-12 15:39:57,819 INFO org.apache.catalina.core.StandardEngine [main] Starting Servlet engine: [Apache Tomcat/9.0.19]
2019-07-12 15:39:57,992 INFO org.apache.catalina.core.ContainerBase.[Tomcat].[localhost].[/im-webapp] [main] Initializing Spring embedded WebApplicationContext
2019-07-12 15:39:58,285 INFO com.zaxxer.hikari.HikariDataSource [main] HikariPool-1 - Starting...
2019-07-12 15:39:58,715 INFO com.zaxxer.hikari.HikariDataSource [main] HikariPool-1 - Start completed.
2019-07-12 15:40:02,873 INFO org.apache.coyote.http11.Http11NioProtocol [main] Starting ProtocolHandler ["http-nio-8080"]
2019-07-12 15:40:02,911 INFO by.vironit.training.basumatarau.resourceServer.ResourceServerStarter [main] Started ResourceServerStarter in 9.35 seconds (JVM running for 10.19)
2019-07-12 15:40:10,834 INFO org.apache.catalina.core.ContainerBase.[Tomcat].[localhost].[/im-webapp] [http-nio-8080-exec-2] Initializing Spring DispatcherServlet 'dispatcherServlet'
2019-07-12 15:51:49,331 INFO com.zaxxer.hikari.HikariDataSource [Thread-3] HikariPool-1 - Shutdown initiated...
2019-07-12 15:51:49,379 INFO com.zaxxer.hikari.HikariDataSource [Thread-3] HikariPool-1 - Shutdown completed.
2019-07-12 15:51:56,254 INFO by.vironit.training.basumatarau.resourceServer.ResourceServerStarter [main] Starting ResourceServerStarter on pavel-laptop with PID 14756 (/home/pavel/IdeaProjects/master/im-secure-resource-server/target/classes started by pavel in /home/pavel/IdeaProjects/master)
2019-07-12 15:51:56,262 INFO by.vironit.training.basumatarau.resourceServer.ResourceServerStarter [main] No active profile set, falling back to default profiles: default
2019-07-12 15:51:59,170 INFO org.apache.coyote.http11.Http11NioProtocol [main] Initializing ProtocolHandler ["http-nio-8080"]
2019-07-12 15:51:59,190 INFO org.apache.catalina.core.StandardService [main] Starting service [Tomcat]
2019-07-12 15:51:59,190 INFO org.apache.catalina.core.StandardEngine [main] Starting Servlet engine: [Apache Tomcat/9.0.19]
2019-07-12 15:51:59,365 INFO org.apache.catalina.core.ContainerBase.[Tomcat].[localhost].[/im-webapp] [main] Initializing Spring embedded WebApplicationContext
2019-07-12 15:51:59,643 INFO com.zaxxer.hikari.HikariDataSource [main] HikariPool-1 - Starting...
2019-07-12 15:51:59,996 INFO com.zaxxer.hikari.HikariDataSource [main] HikariPool-1 - Start completed.
2019-07-12 15:52:04,012 INFO org.apache.coyote.http11.Http11NioProtocol [main] Starting ProtocolHandler ["http-nio-8080"]
2019-07-12 15:52:04,054 INFO by.vironit.training.basumatarau.resourceServer.ResourceServerStarter [main] Started ResourceServerStarter in 8.832 seconds (JVM running for 9.736)
2019-07-12 15:52:15,442 INFO org.apache.catalina.core.ContainerBase.[Tomcat].[localhost].[/im-webapp] [http-nio-8080-exec-1] Initializing Spring DispatcherServlet 'dispatcherServlet'
2019-07-12 15:53:30,708 INFO com.zaxxer.hikari.HikariDataSource [Thread-3] HikariPool-1 - Shutdown initiated...
2019-07-12 15:53:30,761 INFO com.zaxxer.hikari.HikariDataSource [Thread-3] HikariPool-1 - Shutdown completed.
2019-07-12 15:53:36,250 INFO by.vironit.training.basumatarau.resourceServer.ResourceServerStarter [main] Starting ResourceServerStarter on pavel-laptop with PID 14915 (/home/pavel/IdeaProjects/master/im-secure-resource-server/target/classes started by pavel in /home/pavel/IdeaProjects/master)
2019-07-12 15:53:36,257 INFO by.vironit.training.basumatarau.resourceServer.ResourceServerStarter [main] No active profile set, falling back to default profiles: default
2019-07-12 15:53:39,387 INFO org.apache.coyote.http11.Http11NioProtocol [main] Initializing ProtocolHandler ["http-nio-8080"]
2019-07-12 15:53:39,458 INFO org.apache.catalina.core.StandardService [main] Starting service [Tomcat]
2019-07-12 15:53:39,461 INFO org.apache.catalina.core.StandardEngine [main] Starting Servlet engine: [Apache Tomcat/9.0.19]
2019-07-12 15:53:39,759 INFO org.apache.catalina.core.ContainerBase.[Tomcat].[localhost].[/im-webapp] [main] Initializing Spring embedded WebApplicationContext
2019-07-12 15:53:40,192 INFO com.zaxxer.hikari.HikariDataSource [main] HikariPool-1 - Starting...
2019-07-12 15:53:40,717 INFO com.zaxxer.hikari.HikariDataSource [main] HikariPool-1 - Start completed.
2019-07-12 15:53:46,537 INFO org.apache.coyote.http11.Http11NioProtocol [main] Starting ProtocolHandler ["http-nio-8080"]
2019-07-12 15:53:46,592 INFO by.vironit.training.basumatarau.resourceServer.ResourceServerStarter [main] Started ResourceServerStarter in 11.239 seconds (JVM running for 12.979)
2019-07-12 15:54:07,226 INFO org.apache.catalina.core.ContainerBase.[Tomcat].[localhost].[/im-webapp] [http-nio-8080-exec-1] Initializing Spring DispatcherServlet 'dispatcherServlet'
2019-07-12 15:55:19,950 INFO com.zaxxer.hikari.HikariDataSource [Thread-3] HikariPool-1 - Shutdown initiated...
2019-07-12 15:55:20,007 INFO com.zaxxer.hikari.HikariDataSource [Thread-3] HikariPool-1 - Shutdown completed.
2019-07-12 15:55:27,495 INFO by.vironit.training.basumatarau.resourceServer.ResourceServerStarter [main] Starting ResourceServerStarter on pavel-laptop with PID 15084 (/home/pavel/IdeaProjects/master/im-secure-resource-server/target/classes started by pavel in /home/pavel/IdeaProjects/master)
2019-07-12 15:55:27,509 INFO by.vironit.training.basumatarau.resourceServer.ResourceServerStarter [main] No active profile set, falling back to default profiles: default
2019-07-12 15:55:30,752 INFO org.apache.coyote.http11.Http11NioProtocol [main] Initializing ProtocolHandler ["http-nio-8080"]
2019-07-12 15:55:30,777 INFO org.apache.catalina.core.StandardService [main] Starting service [Tomcat]
2019-07-12 15:55:30,778 INFO org.apache.catalina.core.StandardEngine [main] Starting Servlet engine: [Apache Tomcat/9.0.19]
2019-07-12 15:55:31,022 INFO org.apache.catalina.core.ContainerBase.[Tomcat].[localhost].[/im-webapp] [main] Initializing Spring embedded WebApplicationContext
2019-07-12 15:55:31,358 INFO com.zaxxer.hikari.HikariDataSource [main] HikariPool-1 - Starting...
2019-07-12 15:55:31,890 INFO com.zaxxer.hikari.HikariDataSource [main] HikariPool-1 - Start completed.
2019-07-12 15:55:36,818 INFO org.apache.coyote.http11.Http11NioProtocol [main] Starting ProtocolHandler ["http-nio-8080"]
2019-07-12 15:55:36,878 INFO by.vironit.training.basumatarau.resourceServer.ResourceServerStarter [main] Started ResourceServerStarter in 10.775 seconds (JVM running for 11.936)
2019-07-12 15:56:01,175 INFO org.apache.catalina.core.ContainerBase.[Tomcat].[localhost].[/im-webapp] [http-nio-8080-exec-1] Initializing Spring DispatcherServlet 'dispatcherServlet'
2019-07-12 16:09:17,838 INFO com.zaxxer.hikari.HikariDataSource [Thread-3] HikariPool-1 - Shutdown initiated...
2019-07-12 16:09:17,893 INFO com.zaxxer.hikari.HikariDataSource [Thread-3] HikariPool-1 - Shutdown completed.
2019-07-12 16:09:24,995 INFO by.vironit.training.basumatarau.resourceServer.ResourceServerStarter [main] Starting ResourceServerStarter on pavel-laptop with PID 15588 (/home/pavel/IdeaProjects/master/im-secure-resource-server/target/classes started by pavel in /home/pavel/IdeaProjects/master)
2019-07-12 16:09:25,009 INFO by.vironit.training.basumatarau.resourceServer.ResourceServerStarter [main] No active profile set, falling back to default profiles: default
2019-07-12 16:09:28,300 INFO org.apache.coyote.http11.Http11NioProtocol [main] Initializing ProtocolHandler ["http-nio-8080"]
2019-07-12 16:09:28,333 INFO org.apache.catalina.core.StandardService [main] Starting service [Tomcat]
2019-07-12 16:09:28,333 INFO org.apache.catalina.core.StandardEngine [main] Starting Servlet engine: [Apache Tomcat/9.0.19]
2019-07-12 16:09:28,535 INFO org.apache.catalina.core.ContainerBase.[Tomcat].[localhost].[/im-webapp] [main] Initializing Spring embedded WebApplicationContext
2019-07-12 16:09:28,867 INFO com.zaxxer.hikari.HikariDataSource [main] HikariPool-1 - Starting...
2019-07-12 16:09:29,404 INFO com.zaxxer.hikari.HikariDataSource [main] HikariPool-1 - Start completed.
2019-07-12 16:09:34,644 INFO org.apache.coyote.http11.Http11NioProtocol [main] Starting ProtocolHandler ["http-nio-8080"]
2019-07-12 16:09:34,705 INFO by.vironit.training.basumatarau.resourceServer.ResourceServerStarter [main] Started ResourceServerStarter in 11.158 seconds (JVM running for 12.393)
2019-07-12 16:09:37,430 INFO org.apache.catalina.core.ContainerBase.[Tomcat].[localhost].[/im-webapp] [http-nio-8080-exec-1] Initializing Spring DispatcherServlet 'dispatcherServlet'
2019-07-12 16:15:33,138 INFO com.zaxxer.hikari.HikariDataSource [Thread-3] HikariPool-1 - Shutdown initiated...
2019-07-12 16:15:33,207 INFO com.zaxxer.hikari.HikariDataSource [Thread-3] HikariPool-1 - Shutdown completed.
2019-07-12 16:15:44,791 INFO by.vironit.training.basumatarau.resourceServer.ResourceServerStarter [main] Starting ResourceServerStarter on pavel-laptop with PID 15858 (/home/pavel/IdeaProjects/master/im-secure-resource-server/target/classes started by pavel in /home/pavel/IdeaProjects/master)
2019-07-12 16:15:44,801 INFO by.vironit.training.basumatarau.resourceServer.ResourceServerStarter [main] No active profile set, falling back to default profiles: default
2019-07-12 16:15:48,369 INFO org.apache.coyote.http11.Http11NioProtocol [main] Initializing ProtocolHandler ["http-nio-8080"]
2019-07-12 16:15:48,389 INFO org.apache.catalina.core.StandardService [main] Starting service [Tomcat]
2019-07-12 16:15:48,390 INFO org.apache.catalina.core.StandardEngine [main] Starting Servlet engine: [Apache Tomcat/9.0.19]
2019-07-12 16:15:48,590 INFO org.apache.catalina.core.ContainerBase.[Tomcat].[localhost].[/im-webapp] [main] Initializing Spring embedded WebApplicationContext
2019-07-12 16:15:48,880 INFO com.zaxxer.hikari.HikariDataSource [main] HikariPool-1 - Starting...
2019-07-12 16:15:49,259 INFO com.zaxxer.hikari.HikariDataSource [main] HikariPool-1 - Start completed.
2019-07-12 16:15:53,881 INFO org.apache.coyote.http11.Http11NioProtocol [main] Starting ProtocolHandler ["http-nio-8080"]
2019-07-12 16:15:53,930 INFO by.vironit.training.basumatarau.resourceServer.ResourceServerStarter [main] Started ResourceServerStarter in 10.342 seconds (JVM running for 11.329)
2019-07-12 16:16:03,033 INFO org.apache.catalina.core.ContainerBase.[Tomcat].[localhost].[/im-webapp] [http-nio-8080-exec-1] Initializing Spring DispatcherServlet 'dispatcherServlet'
2019-07-12 16:16:36,528 INFO com.zaxxer.hikari.HikariDataSource [Thread-3] HikariPool-1 - Shutdown initiated...
2019-07-12 16:16:36,598 INFO com.zaxxer.hikari.HikariDataSource [Thread-3] HikariPool-1 - Shutdown completed.
2019-07-12 16:19:14,066 INFO by.vironit.training.basumatarau.resourceServer.ResourceServerStarter [main] Starting ResourceServerStarter on pavel-laptop with PID 16095 (/home/pavel/IdeaProjects/master/im-secure-resource-server/target/classes started by pavel in /home/pavel/IdeaProjects/master)
2019-07-12 16:19:14,075 INFO by.vironit.training.basumatarau.resourceServer.ResourceServerStarter [main] No active profile set, falling back to default profiles: default
2019-07-12 16:19:17,177 INFO org.apache.coyote.http11.Http11NioProtocol [main] Initializing ProtocolHandler ["http-nio-8080"]
2019-07-12 16:19:17,204 INFO org.apache.catalina.core.StandardService [main] Starting service [Tomcat]
2019-07-12 16:19:17,204 INFO org.apache.catalina.core.StandardEngine [main] Starting Servlet engine: [Apache Tomcat/9.0.19]
2019-07-12 16:19:17,374 INFO org.apache.catalina.core.ContainerBase.[Tomcat].[localhost].[/im-webapp] [main] Initializing Spring embedded WebApplicationContext
2019-07-12 16:19:17,656 INFO com.zaxxer.hikari.HikariDataSource [main] HikariPool-1 - Starting...
2019-07-12 16:19:17,972 INFO com.zaxxer.hikari.HikariDataSource [main] HikariPool-1 - Start completed.
2019-07-12 16:19:22,119 INFO org.apache.coyote.http11.Http11NioProtocol [main] Starting ProtocolHandler ["http-nio-8080"]
2019-07-12 16:19:22,172 INFO by.vironit.training.basumatarau.resourceServer.ResourceServerStarter [main] Started ResourceServerStarter in 9.085 seconds (JVM running for 9.978)
2019-07-12 16:19:28,216 INFO org.apache.catalina.core.ContainerBase.[Tomcat].[localhost].[/im-webapp] [http-nio-8080-exec-1] Initializing Spring DispatcherServlet 'dispatcherServlet'
2019-07-12 16:19:48,890 INFO com.zaxxer.hikari.HikariDataSource [Thread-3] HikariPool-1 - Shutdown initiated...
2019-07-12 16:19:48,946 INFO com.zaxxer.hikari.HikariDataSource [Thread-3] HikariPool-1 - Shutdown completed.
2019-07-12 16:20:28,362 INFO by.vironit.training.basumatarau.resourceServer.ResourceServerStarter [main] Starting ResourceServerStarter on pavel-laptop with PID 16255 (/home/pavel/IdeaProjects/master/im-secure-resource-server/target/classes started by pavel in /home/pavel/IdeaProjects/master)
2019-07-12 16:20:28,368 INFO by.vironit.training.basumatarau.resourceServer.ResourceServerStarter [main] No active profile set, falling back to default profiles: default
2019-07-12 16:20:31,218 INFO org.apache.coyote.http11.Http11NioProtocol [main] Initializing ProtocolHandler ["http-nio-8080"]
2019-07-12 16:20:31,244 INFO org.apache.catalina.core.StandardService [main] Starting service [Tomcat]
2019-07-12 16:20:31,245 INFO org.apache.catalina.core.StandardEngine [main] Starting Servlet engine: [Apache Tomcat/9.0.19]
2019-07-12 16:20:31,423 INFO org.apache.catalina.core.ContainerBase.[Tomcat].[localhost].[/im-webapp] [main] Initializing Spring embedded WebApplicationContext
2019-07-12 16:20:31,703 INFO com.zaxxer.hikari.HikariDataSource [main] HikariPool-1 - Starting...
2019-07-12 16:20:32,106 INFO com.zaxxer.hikari.HikariDataSource [main] HikariPool-1 - Start completed.
2019-07-12 16:20:36,072 INFO org.apache.coyote.http11.Http11NioProtocol [main] Starting ProtocolHandler ["http-nio-8080"]
2019-07-12 16:20:36,118 INFO by.vironit.training.basumatarau.resourceServer.ResourceServerStarter [main] Started ResourceServerStarter in 8.699 seconds (JVM running for 9.51)
2019-07-12 16:20:42,958 INFO org.apache.catalina.core.ContainerBase.[Tomcat].[localhost].[/im-webapp] [http-nio-8080-exec-1] Initializing Spring DispatcherServlet 'dispatcherServlet'
2019-07-12 16:21:03,837 INFO com.zaxxer.hikari.HikariDataSource [Thread-3] HikariPool-1 - Shutdown initiated...
2019-07-12 16:21:03,881 INFO com.zaxxer.hikari.HikariDataSource [Thread-3] HikariPool-1 - Shutdown completed.
2019-07-12 16:21:18,444 INFO by.vironit.training.basumatarau.resourceServer.ResourceServerStarter [main] Starting ResourceServerStarter on pavel-laptop with PID 16387 (/home/pavel/IdeaProjects/master/im-secure-resource-server/target/classes started by pavel in /home/pavel/IdeaProjects/master)
2019-07-12 16:21:18,450 INFO by.vironit.training.basumatarau.resourceServer.ResourceServerStarter [main] No active profile set, falling back to default profiles: default
2019-07-12 16:21:21,414 INFO org.apache.coyote.http11.Http11NioProtocol [main] Initializing ProtocolHandler ["http-nio-8080"]
2019-07-12 16:21:21,439 INFO org.apache.catalina.core.StandardService [main] Starting service [Tomcat]
2019-07-12 16:21:21,440 INFO org.apache.catalina.core.StandardEngine [main] Starting Servlet engine: [Apache Tomcat/9.0.19]
2019-07-12 16:21:21,611 INFO org.apache.catalina.core.ContainerBase.[Tomcat].[localhost].[/im-webapp] [main] Initializing Spring embedded WebApplicationContext
2019-07-12 16:21:21,878 INFO com.zaxxer.hikari.HikariDataSource [main] HikariPool-1 - Starting...
2019-07-12 16:21:22,261 INFO com.zaxxer.hikari.HikariDataSource [main] HikariPool-1 - Start completed.
2019-07-12 16:21:26,286 INFO org.apache.coyote.http11.Http11NioProtocol [main] Starting ProtocolHandler ["http-nio-8080"]
2019-07-12 16:21:26,312 INFO by.vironit.training.basumatarau.resourceServer.ResourceServerStarter [main] Started ResourceServerStarter in 8.857 seconds (JVM running for 9.852)
2019-07-12 16:21:37,782 INFO org.apache.catalina.core.ContainerBase.[Tomcat].[localhost].[/im-webapp] [http-nio-8080-exec-1] Initializing Spring DispatcherServlet 'dispatcherServlet'
2019-07-12 16:30:24,405 INFO com.zaxxer.hikari.HikariDataSource [Thread-3] HikariPool-1 - Shutdown initiated...
2019-07-12 16:30:24,451 INFO com.zaxxer.hikari.HikariDataSource [Thread-3] HikariPool-1 - Shutdown completed.
2019-07-12 16:30:31,143 INFO by.vironit.training.basumatarau.resourceServer.ResourceServerStarter [main] Starting ResourceServerStarter on pavel-laptop with PID 16704 (/home/pavel/IdeaProjects/master/im-secure-resource-server/target/classes started by pavel in /home/pavel/IdeaProjects/master)
2019-07-12 16:30:31,149 INFO by.vironit.training.basumatarau.resourceServer.ResourceServerStarter [main] No active profile set, falling back to default profiles: default
2019-07-12 16:30:34,240 INFO org.apache.coyote.http11.Http11NioProtocol [main] Initializing ProtocolHandler ["http-nio-8080"]
2019-07-12 16:30:34,260 INFO org.apache.catalina.core.StandardService [main] Starting service [Tomcat]
2019-07-12 16:30:34,261 INFO org.apache.catalina.core.StandardEngine [main] Starting Servlet engine: [Apache Tomcat/9.0.19]
2019-07-12 16:30:34,432 INFO org.apache.catalina.core.ContainerBase.[Tomcat].[localhost].[/im-webapp] [main] Initializing Spring embedded WebApplicationContext
2019-07-12 16:30:34,678 INFO com.zaxxer.hikari.HikariDataSource [main] HikariPool-1 - Starting...
2019-07-12 16:30:35,033 INFO com.zaxxer.hikari.HikariDataSource [main] HikariPool-1 - Start completed.
2019-07-12 16:30:38,955 INFO org.apache.coyote.http11.Http11NioProtocol [main] Starting ProtocolHandler ["http-nio-8080"]
2019-07-12 16:30:38,989 INFO by.vironit.training.basumatarau.resourceServer.ResourceServerStarter [main] Started ResourceServerStarter in 8.771 seconds (JVM running for 9.649)
2019-07-12 16:30:58,346 INFO org.apache.catalina.core.ContainerBase.[Tomcat].[localhost].[/im-webapp] [http-nio-8080-exec-1] Initializing Spring DispatcherServlet 'dispatcherServlet'
2019-07-12 16:38:43,894 INFO com.zaxxer.hikari.HikariDataSource [Thread-3] HikariPool-1 - Shutdown initiated...
2019-07-12 16:38:43,939 INFO com.zaxxer.hikari.HikariDataSource [Thread-3] HikariPool-1 - Shutdown completed.
2019-07-12 16:38:49,999 INFO by.vironit.training.basumatarau.resourceServer.ResourceServerStarter [main] Starting ResourceServerStarter on pavel-laptop with PID 17153 (/home/pavel/IdeaProjects/master/im-secure-resource-server/target/classes started by pavel in /home/pavel/IdeaProjects/master)
2019-07-12 16:38:50,008 INFO by.vironit.training.basumatarau.resourceServer.ResourceServerStarter [main] No active profile set, falling back to default profiles: default
2019-07-12 16:38:53,126 INFO org.apache.coyote.http11.Http11NioProtocol [main] Initializing ProtocolHandler ["http-nio-8080"]
2019-07-12 16:38:53,151 INFO org.apache.catalina.core.StandardService [main] Starting service [Tomcat]
2019-07-12 16:38:53,152 INFO org.apache.catalina.core.StandardEngine [main] Starting Servlet engine: [Apache Tomcat/9.0.19]
2019-07-12 16:38:53,337 INFO org.apache.catalina.core.ContainerBase.[Tomcat].[localhost].[/im-webapp] [main] Initializing Spring embedded WebApplicationContext
2019-07-12 16:38:53,624 INFO com.zaxxer.hikari.HikariDataSource [main] HikariPool-1 - Starting...
2019-07-12 16:38:53,957 INFO com.zaxxer.hikari.HikariDataSource [main] HikariPool-1 - Start completed.
2019-07-12 16:38:58,043 INFO org.apache.coyote.http11.Http11NioProtocol [main] Starting ProtocolHandler ["http-nio-8080"]
2019-07-12 16:38:58,080 INFO by.vironit.training.basumatarau.resourceServer.ResourceServerStarter [main] Started ResourceServerStarter in 9.182 seconds (JVM running for 10.152)
2019-07-12 16:39:14,177 INFO org.apache.catalina.core.ContainerBase.[Tomcat].[localhost].[/im-webapp] [http-nio-8080-exec-1] Initializing Spring DispatcherServlet 'dispatcherServlet'
2019-07-12 16:56:05,018 INFO com.zaxxer.hikari.HikariDataSource [Thread-3] HikariPool-1 - Shutdown initiated...
2019-07-12 16:56:05,078 INFO com.zaxxer.hikari.HikariDataSource [Thread-3] HikariPool-1 - Shutdown completed.
2019-07-12 16:58:14,914 INFO by.vironit.training.basumatarau.resourceServer.ResourceServerStarter [main] Starting ResourceServerStarter on pavel-laptop with PID 17659 (/home/pavel/IdeaProjects/master/im-secure-resource-server/target/classes started by pavel in /home/pavel/IdeaProjects/master)
2019-07-12 16:58:14,920 INFO by.vironit.training.basumatarau.resourceServer.ResourceServerStarter [main] No active profile set, falling back to default profiles: default
2019-07-12 16:58:18,053 INFO org.apache.coyote.http11.Http11NioProtocol [main] Initializing ProtocolHandler ["http-nio-8080"]
2019-07-12 16:58:18,076 INFO org.apache.catalina.core.StandardService [main] Starting service [Tomcat]
2019-07-12 16:58:18,077 INFO org.apache.catalina.core.StandardEngine [main] Starting Servlet engine: [Apache Tomcat/9.0.19]
2019-07-12 16:58:18,257 INFO org.apache.catalina.core.ContainerBase.[Tomcat].[localhost].[/im-webapp] [main] Initializing Spring embedded WebApplicationContext
2019-07-12 16:58:18,542 INFO com.zaxxer.hikari.HikariDataSource [main] HikariPool-1 - Starting...
2019-07-12 16:58:18,901 INFO com.zaxxer.hikari.HikariDataSource [main] HikariPool-1 - Start completed.
2019-07-12 16:58:22,807 INFO org.apache.coyote.http11.Http11NioProtocol [main] Starting ProtocolHandler ["http-nio-8080"]
2019-07-12 16:58:22,846 INFO by.vironit.training.basumatarau.resourceServer.ResourceServerStarter [main] Started ResourceServerStarter in 8.954 seconds (JVM running for 9.819)
2019-07-12 16:58:41,356 INFO org.apache.catalina.core.ContainerBase.[Tomcat].[localhost].[/im-webapp] [http-nio-8080-exec-4] Initializing Spring DispatcherServlet 'dispatcherServlet'
2019-07-12 17:01:33,691 INFO com.zaxxer.hikari.HikariDataSource [Thread-3] HikariPool-1 - Shutdown initiated...
2019-07-12 17:01:33,737 INFO com.zaxxer.hikari.HikariDataSource [Thread-3] HikariPool-1 - Shutdown completed.
2019-07-12 17:02:13,328 INFO by.vironit.training.basumatarau.resourceServer.ResourceServerStarter [main] Starting ResourceServerStarter on pavel-laptop with PID 17888 (/home/pavel/IdeaProjects/master/im-secure-resource-server/target/classes started by pavel in /home/pavel/IdeaProjects/master)
2019-07-12 17:02:13,349 INFO by.vironit.training.basumatarau.resourceServer.ResourceServerStarter [main] No active profile set, falling back to default profiles: default
2019-07-12 17:02:17,331 INFO org.apache.coyote.http11.Http11NioProtocol [main] Initializing ProtocolHandler ["http-nio-8080"]
2019-07-12 17:02:17,356 INFO org.apache.catalina.core.StandardService [main] Starting service [Tomcat]
2019-07-12 17:02:17,357 INFO org.apache.catalina.core.StandardEngine [main] Starting Servlet engine: [Apache Tomcat/9.0.19]
2019-07-12 17:02:17,555 INFO org.apache.catalina.core.ContainerBase.[Tomcat].[localhost].[/im-webapp] [main] Initializing Spring embedded WebApplicationContext
2019-07-12 17:02:17,828 INFO com.zaxxer.hikari.HikariDataSource [main] HikariPool-1 - Starting...
2019-07-12 17:02:18,341 INFO com.zaxxer.hikari.HikariDataSource [main] HikariPool-1 - Start completed.
2019-07-12 17:02:23,174 INFO org.apache.coyote.http11.Http11NioProtocol [main] Starting ProtocolHandler ["http-nio-8080"]
2019-07-12 17:02:23,229 INFO by.vironit.training.basumatarau.resourceServer.ResourceServerStarter [main] Started ResourceServerStarter in 11.005 seconds (JVM running for 12.023)
2019-07-12 17:02:26,395 INFO org.apache.catalina.core.ContainerBase.[Tomcat].[localhost].[/im-webapp] [http-nio-8080-exec-2] Initializing Spring DispatcherServlet 'dispatcherServlet'
2019-07-12 17:28:07,866 INFO com.zaxxer.hikari.HikariDataSource [Thread-3] HikariPool-1 - Shutdown initiated...
2019-07-12 17:28:07,913 INFO com.zaxxer.hikari.HikariDataSource [Thread-3] HikariPool-1 - Shutdown completed.
2019-07-12 17:28:45,198 INFO by.vironit.training.basumatarau.resourceServer.ResourceServerStarter [main] Starting ResourceServerStarter on pavel-laptop with PID 18644 (/home/pavel/IdeaProjects/master/im-secure-resource-server/target/classes started by pavel in /home/pavel/IdeaProjects/master)
2019-07-12 17:28:45,210 INFO by.vironit.training.basumatarau.resourceServer.ResourceServerStarter [main] No active profile set, falling back to default profiles: default
2019-07-12 17:28:48,499 INFO org.apache.coyote.http11.Http11NioProtocol [main] Initializing ProtocolHandler ["http-nio-8080"]
2019-07-12 17:28:48,523 INFO org.apache.catalina.core.StandardService [main] Starting service [Tomcat]
2019-07-12 17:28:48,524 INFO org.apache.catalina.core.StandardEngine [main] Starting Servlet engine: [Apache Tomcat/9.0.19]
2019-07-12 17:28:48,722 INFO org.apache.catalina.core.ContainerBase.[Tomcat].[localhost].[/im-webapp] [main] Initializing Spring embedded WebApplicationContext
2019-07-12 17:28:48,997 INFO com.zaxxer.hikari.HikariDataSource [main] HikariPool-1 - Starting...
2019-07-12 17:28:49,441 INFO com.zaxxer.hikari.HikariDataSource [main] HikariPool-1 - Start completed.
2019-07-12 17:28:53,829 INFO org.apache.coyote.http11.Http11NioProtocol [main] Starting ProtocolHandler ["http-nio-8080"]
2019-07-12 17:28:53,892 INFO by.vironit.training.basumatarau.resourceServer.ResourceServerStarter [main] Started ResourceServerStarter in 9.778 seconds (JVM running for 10.624)
2019-07-12 17:30:07,264 INFO org.apache.catalina.core.ContainerBase.[Tomcat].[localhost].[/im-webapp] [http-nio-8080-exec-1] Initializing Spring DispatcherServlet 'dispatcherServlet'
2019-07-12 17:32:37,773 INFO com.zaxxer.hikari.HikariDataSource [Thread-3] HikariPool-1 - Shutdown initiated...
2019-07-12 17:32:37,824 INFO com.zaxxer.hikari.HikariDataSource [Thread-3] HikariPool-1 - Shutdown completed.
2019-07-12 17:32:51,134 INFO by.vironit.training.basumatarau.resourceServer.ResourceServerStarter [main] Starting ResourceServerStarter on pavel-laptop with PID 18909 (/home/pavel/IdeaProjects/master/im-secure-resource-server/target/classes started by pavel in /home/pavel/IdeaProjects/master)
2019-07-12 17:32:51,140 INFO by.vironit.training.basumatarau.resourceServer.ResourceServerStarter [main] No active profile set, falling back to default profiles: default
2019-07-12 17:32:53,947 INFO org.apache.coyote.http11.Http11NioProtocol [main] Initializing ProtocolHandler ["http-nio-8080"]
2019-07-12 17:32:53,977 INFO org.apache.catalina.core.StandardService [main] Starting service [Tomcat]
2019-07-12 17:32:53,977 INFO org.apache.catalina.core.StandardEngine [main] Starting Servlet engine: [Apache Tomcat/9.0.19]
2019-07-12 17:32:54,159 INFO org.apache.catalina.core.ContainerBase.[Tomcat].[localhost].[/im-webapp] [main] Initializing Spring embedded WebApplicationContext
2019-07-12 17:32:54,425 INFO com.zaxxer.hikari.HikariDataSource [main] HikariPool-1 - Starting...
2019-07-12 17:32:54,802 INFO com.zaxxer.hikari.HikariDataSource [main] HikariPool-1 - Start completed.
2019-07-12 17:32:59,146 INFO org.apache.coyote.http11.Http11NioProtocol [main] Starting ProtocolHandler ["http-nio-8080"]
2019-07-12 17:32:59,177 INFO by.vironit.training.basumatarau.resourceServer.ResourceServerStarter [main] Started ResourceServerStarter in 9.289 seconds (JVM running for 10.419)
2019-07-12 17:33:11,141 INFO org.apache.catalina.core.ContainerBase.[Tomcat].[localhost].[/im-webapp] [http-nio-8080-exec-1] Initializing Spring DispatcherServlet 'dispatcherServlet'
2019-07-12 17:45:18,817 INFO com.zaxxer.hikari.HikariDataSource [Thread-3] HikariPool-1 - Shutdown initiated...
2019-07-12 17:45:18,870 INFO com.zaxxer.hikari.HikariDataSource [Thread-3] HikariPool-1 - Shutdown completed.
2019-07-12 17:49:01,387 INFO by.vironit.training.basumatarau.resourceServer.ResourceServerStarter [main] Starting ResourceServerStarter on pavel-laptop with PID 19345 (/home/pavel/IdeaProjects/master/im-secure-resource-server/target/classes started by pavel in /home/pavel/IdeaProjects/master)
2019-07-12 17:49:01,403 INFO by.vironit.training.basumatarau.resourceServer.ResourceServerStarter [main] No active profile set, falling back to default profiles: default
2019-07-12 17:49:05,118 INFO org.apache.coyote.http11.Http11NioProtocol [main] Initializing ProtocolHandler ["http-nio-8080"]
2019-07-12 17:49:05,151 INFO org.apache.catalina.core.StandardService [main] Starting service [Tomcat]
2019-07-12 17:49:05,151 INFO org.apache.catalina.core.StandardEngine [main] Starting Servlet engine: [Apache Tomcat/9.0.19]
2019-07-12 17:49:05,346 INFO org.apache.catalina.core.ContainerBase.[Tomcat].[localhost].[/im-webapp] [main] Initializing Spring embedded WebApplicationContext
2019-07-12 17:49:05,660 INFO com.zaxxer.hikari.HikariDataSource [main] HikariPool-1 - Starting...
2019-07-12 17:49:06,170 INFO com.zaxxer.hikari.HikariDataSource [main] HikariPool-1 - Start completed.
2019-07-12 17:49:10,930 INFO org.apache.coyote.http11.Http11NioProtocol [main] Starting ProtocolHandler ["http-nio-8080"]
2019-07-12 17:49:10,977 INFO by.vironit.training.basumatarau.resourceServer.ResourceServerStarter [main] Started ResourceServerStarter in 10.837 seconds (JVM running for 11.755)
2019-07-12 17:49:14,953 INFO org.apache.catalina.core.ContainerBase.[Tomcat].[localhost].[/im-webapp] [http-nio-8080-exec-1] Initializing Spring DispatcherServlet 'dispatcherServlet'
2019-07-12 17:52:29,726 INFO com.zaxxer.hikari.HikariDataSource [Thread-3] HikariPool-1 - Shutdown initiated...
2019-07-12 17:52:29,784 INFO com.zaxxer.hikari.HikariDataSource [Thread-3] HikariPool-1 - Shutdown completed.
